<?xml version="1.0" encoding="UTF-8"?>
<testsuite xmlns:xsi="http://www.w3.org/2001/XMLSchema-instance" xsi:noNamespaceSchemaLocation="https://maven.apache.org/surefire/maven-surefire-plugin/xsd/surefire-test-report.xsd" version="3.0.2" name="com.myboxydev.dev.DevApplicationTests" time="2.229" tests="1" errors="0" skipped="0" failures="0" flakes="0">
  <properties>
[...]
</properties>
  <testcase name="contextLoads" classname="com.myboxydev.dev.DevApplicationTests" time="0.322">
    <system-out><![CDATA[11:14:11.010 [main] INFO org.springframework.test.context.support.AnnotationConfigContextLoaderUtils -- Could not detect default configuration classes for test class [com.myboxydev.dev.DevApplicationTests]: DevApplicationTests does not declare any static, non-private, non-final, nested classes annotated with @Configuration.
11:14:11.052 [main] INFO org.springframework.boot.test.context.SpringBootTestContextBootstrapper -- Found @SpringBootConfiguration com.myboxydev.dev.DevApplication for test class com.myboxydev.dev.DevApplicationTests
11:14:11.085 [main] INFO org.springframework.test.context.support.AnnotationConfigContextLoaderUtils -- Could not detect default configuration classes for test class [com.myboxydev.dev.DevApplicationTests]: DevApplicationTests does not declare any static, non-private, non-final, nested classes annotated with @Configuration.
11:14:11.086 [main] INFO org.springframework.boot.test.context.SpringBootTestContextBootstrapper -- Found @SpringBootConfiguration com.myboxydev.dev.DevApplication for test class com.myboxydev.dev.DevApplicationTests

  .   ____          _            __ _ _
 /\\ / ___'_ __ _ _(_)_ __  __ _ \ \ \ \
( ( )\___ | '_ | '_| | '_ \/ _` | \ \ \ \
 \\/  ___)| |_)| | | | | || (_| |  ) ) ) )
  '  |____| .__|_| |_|_| |_\__, | / / / /
 =========|_|==============|___/=/_/_/_/

 :: Spring Boot ::                (v4.1.1)

2026-08-24T11:14:11.288-03:00  INFO 62064 --- [dev] [           main] com.myboxydev.dev.DevApplicationTests    : Starting DevApplicationTests using Java 22.0.2 with PID 62064 (started by thiago in /Volumes/thiagoHD/Databases/myBoxy/dev)
2026-08-24T11:14:11.289-03:00  INFO 62064 --- [dev] [           main] com.myboxydev.dev.DevApplicationTests    : No active profile set, falling back to 1 default profile: "default"
2026-08-24T11:14:11.716-03:00  INFO 62064 --- [dev] [           main] .s.d.r.c.RepositoryConfigurationDelegate : Bootstrapping Spring Data JPA repositories in DEFAULT mode.
2026-08-24T11:14:11.731-03:00  INFO 62064 --- [dev] [           main] .s.d.r.c.RepositoryConfigurationDelegate : Finished Spring Data repository scanning in 5 ms. Found 0 JPA repository interfaces.
2026-08-24T11:14:11.897-03:00  INFO 62064 --- [dev] [           main] com.zaxxer.hikari.HikariDataSource       : HikariPool-1 - Starting...
2026-08-24T11:14:11.969-03:00  INFO 62064 --- [dev] [           main] com.zaxxer.hikari.pool.HikariPool        : HikariPool-1 - Added connection conn0: url=jdbc:h2:mem:c768b9fa-5340-4ff8-8377-7112321684e1 user=SA
2026-08-24T11:14:11.970-03:00  INFO 62064 --- [dev] [           main] com.zaxxer.hikari.HikariDataSource       : HikariPool-1 - Start completed.
2026-08-24T11:14:11.989-03:00  INFO 62064 --- [dev] [           main] org.hibernate.orm.jpa                    : HHH008540: Processing PersistenceUnitInfo [name: default]
2026-08-24T11:14:12.022-03:00  INFO 62064 --- [dev] [           main] org.hibernate.orm.core                   : HHH000001: Hibernate ORM core version 7.4.5.Final
2026-08-24T11:14:12.210-03:00  INFO 62064 --- [dev] [           main] o.s.o.j.p.SpringPersistenceUnitInfo      : No LoadTimeWeaver setup: ignoring JPA class transformer
2026-08-24T11:14:12.256-03:00  INFO 62064 --- [dev] [           main] org.hibernate.orm.connections.pooling    : HHH10001005: Database info:
	Database JDBC URL [jdbc:h2:mem:c768b9fa-5340-4ff8-8377-7112321684e1]
	Database driver: H2 JDBC Driver
	Database dialect: H2Dialect
	Database version: 2.4.240
	Default catalog/schema: C768B9FA-5340-4FF8-8377-7112321684E1/PUBLIC
	Autocommit mode: undefined/unknown
	Isolation level: READ_COMMITTED [default READ_COMMITTED]
	JDBC fetch size: 100
	Pool: DataSourceConnectionProvider
	Minimum pool size: undefined/unknown
	Maximum pool size: undefined/unknown
2026-08-24T11:14:12.441-03:00  INFO 62064 --- [dev] [           main] org.hibernate.orm.core                   : HHH000489: No JTA platform available (set 'hibernate.transaction.jta.platform' to enable JTA platform integration)
2026-08-24T11:14:12.451-03:00  INFO 62064 --- [dev] [           main] j.LocalContainerEntityManagerFactoryBean : Initialized JPA EntityManagerFactory for persistence unit 'default'
2026-08-24T11:14:12.562-03:00  WARN 62064 --- [dev] [           main] JpaBaseConfiguration$JpaWebConfiguration : spring.jpa.open-in-view is enabled by default. Therefore, database queries may be performed during view rendering. Explicitly configure spring.jpa.open-in-view to disable this warning
2026-08-24T11:14:12.586-03:00  INFO 62064 --- [dev] [           main] o.s.v.b.OptionalValidatorFactoryBean     : Failed to set up a Bean Validation provider: jakarta.validation.NoProviderFoundException: Unable to create a Configuration, because no Jakarta Validation provider could be found. Add a provider like Hibernate Validator (RI) to your classpath.
2026-08-24T11:14:12.822-03:00  INFO 62064 --- [dev] [           main] com.myboxydev.dev.DevApplicationTests    : Started DevApplicationTests in 1.702 seconds (process running for 2.279)
]]></system-out>
    <system-err><![CDATA[Mockito is currently self-attaching to enable the inline-mock-maker. This will no longer work in future releases of the JDK. Please add Mockito as an agent to your build as described in Mockito's documentation: https://javadoc.io/doc/org.mockito/mockito-core/latest/org.mockito/org/mockito/Mockito.html#0.3
WARNING: A Java agent has been loaded dynamically (/Users/thiago/.m2/repository/net/bytebuddy/byte-buddy-agent/1.18.11/byte-buddy-agent-1.18.11.jar)
WARNING: If a serviceability tool is in use, please run with -XX:+EnableDynamicAgentLoading to hide this warning
WARNING: If a serviceability tool is not in use, please run with -Djdk.instrument.traceUsage for more information
WARNING: Dynamic loading of agents will be disallowed by default in a future release
]]></system-err>
  </testcase>
</testsuite>